Determining if the pthread_create exist failed with the following output:
Change Dir: /home/nvidia/Documents/cmpt742/SimpleVisualOdometry/wei/build/CMakeFiles/CMakeTmp

Run Build Command:"/usr/bin/make" "cmTC_5bcee/fast"
/usr/bin/make -f CMakeFiles/cmTC_5bcee.dir/build.make CMakeFiles/cmTC_5bcee.dir/build
make[1]: Entering directory '/home/nvidia/Documents/cmpt742/SimpleVisualOdometry/wei/build/CMakeFiles/CMakeTmp'
Building C object CMakeFiles/cmTC_5bcee.dir/CheckSymbolExists.c.o
/usr/bin/cc    -fPIC    -o CMakeFiles/cmTC_5bcee.dir/CheckSymbolExists.c.o   -c /home/nvidia/Documents/cmpt742/SimpleVisualOdometry/wei/build/CMakeFiles/CMakeTmp/CheckSymbolExists.c
Linking C executable cmTC_5bcee
/usr/bin/cmake -E cmake_link_script CMakeFiles/cmTC_5bcee.dir/link.txt --verbose=1
/usr/bin/cc  -fPIC     CMakeFiles/cmTC_5bcee.dir/CheckSymbolExists.c.o  -o cmTC_5bcee -rdynamic 
CMakeFiles/cmTC_5bcee.dir/CheckSymbolExists.c.o: In function `main':
CheckSymbolExists.c:(.text+0x14): undefined reference to `pthread_create'
CheckSymbolExists.c:(.text+0x18): undefined reference to `pthread_create'
collect2: error: ld returned 1 exit status
CMakeFiles/cmTC_5bcee.dir/build.make:97: recipe for target 'cmTC_5bcee' failed
make[1]: *** [cmTC_5bcee] Error 1
make[1]: Leaving directory '/home/nvidia/Documents/cmpt742/SimpleVisualOdometry/wei/build/CMakeFiles/CMakeTmp'
Makefile:126: recipe for target 'cmTC_5bcee/fast' failed
make: *** [cmTC_5bcee/fast] Error 2

File /home/nvidia/Documents/cmpt742/SimpleVisualOdometry/wei/build/CMakeFiles/CMakeTmp/CheckSymbolExists.c:
/* */
#include <pthread.h>

int main(int argc, char** argv)
{
  (void)argv;
#ifndef pthread_create
  return ((int*)(&pthread_create))[argc];
#else
  (void)argc;
  return 0;
#endif
}

Determining if the function pthread_create exists in the pthreads failed with the following output:
Change Dir: /home/nvidia/Documents/cmpt742/SimpleVisualOdometry/wei/build/CMakeFiles/CMakeTmp

Run Build Command:"/usr/bin/make" "cmTC_80968/fast"
/usr/bin/make -f CMakeFiles/cmTC_80968.dir/build.make CMakeFiles/cmTC_80968.dir/build
make[1]: Entering directory '/home/nvidia/Documents/cmpt742/SimpleVisualOdometry/wei/build/CMakeFiles/CMakeTmp'
Building C object CMakeFiles/cmTC_80968.dir/CheckFunctionExists.c.o
/usr/bin/cc    -fPIC -DCHECK_FUNCTION_EXISTS=pthread_create   -o CMakeFiles/cmTC_80968.dir/CheckFunctionExists.c.o   -c /usr/share/cmake-3.5/Modules/CheckFunctionExists.c
Linking C executable cmTC_80968
/usr/bin/cmake -E cmake_link_script CMakeFiles/cmTC_80968.dir/link.txt --verbose=1
/usr/bin/cc  -fPIC -DCHECK_FUNCTION_EXISTS=pthread_create    CMakeFiles/cmTC_80968.dir/CheckFunctionExists.c.o  -o cmTC_80968 -rdynamic -lpthreads 
/usr/bin/ld: cannot find -lpthreads
collect2: error: ld returned 1 exit status
CMakeFiles/cmTC_80968.dir/build.make:97: recipe for target 'cmTC_80968' failed
make[1]: *** [cmTC_80968] Error 1
make[1]: Leaving directory '/home/nvidia/Documents/cmpt742/SimpleVisualOdometry/wei/build/CMakeFiles/CMakeTmp'
Makefile:126: recipe for target 'cmTC_80968/fast' failed
make: *** [cmTC_80968/fast] Error 2


Determining if the pthread_create exist failed with the following output:
Change Dir: /home/nvidia/Documents/cmpt742/SimpleVisualOdometry/wei/build/CMakeFiles/CMakeTmp

Run Build Command:"/usr/bin/make" "cmTC_af466/fast"
/usr/bin/make -f CMakeFiles/cmTC_af466.dir/build.make CMakeFiles/cmTC_af466.dir/build
make[1]: Entering directory '/home/nvidia/Documents/cmpt742/SimpleVisualOdometry/wei/build/CMakeFiles/CMakeTmp'
Building C object CMakeFiles/cmTC_af466.dir/CheckSymbolExists.c.o
/usr/bin/cc    -fPIC    -o CMakeFiles/cmTC_af466.dir/CheckSymbolExists.c.o   -c /home/nvidia/Documents/cmpt742/SimpleVisualOdometry/wei/build/CMakeFiles/CMakeTmp/CheckSymbolExists.c
Linking C executable cmTC_af466
/usr/bin/cmake -E cmake_link_script CMakeFiles/cmTC_af466.dir/link.txt --verbose=1
/usr/bin/cc  -fPIC     CMakeFiles/cmTC_af466.dir/CheckSymbolExists.c.o  -o cmTC_af466 -rdynamic 
CMakeFiles/cmTC_af466.dir/CheckSymbolExists.c.o: In function `main':
CheckSymbolExists.c:(.text+0x14): undefined reference to `pthread_create'
CheckSymbolExists.c:(.text+0x18): undefined reference to `pthread_create'
collect2: error: ld returned 1 exit status
CMakeFiles/cmTC_af466.dir/build.make:97: recipe for target 'cmTC_af466' failed
make[1]: *** [cmTC_af466] Error 1
make[1]: Leaving directory '/home/nvidia/Documents/cmpt742/SimpleVisualOdometry/wei/build/CMakeFiles/CMakeTmp'
Makefile:126: recipe for target 'cmTC_af466/fast' failed
make: *** [cmTC_af466/fast] Error 2

File /home/nvidia/Documents/cmpt742/SimpleVisualOdometry/wei/build/CMakeFiles/CMakeTmp/CheckSymbolExists.c:
/* */
#include <pthread.h>

int main(int argc, char** argv)
{
  (void)argv;
#ifndef pthread_create
  return ((int*)(&pthread_create))[argc];
#else
  (void)argc;
  return 0;
#endif
}

Determining if the function pthread_create exists in the pthreads failed with the following output:
Change Dir: /home/nvidia/Documents/cmpt742/SimpleVisualOdometry/wei/build/CMakeFiles/CMakeTmp

Run Build Command:"/usr/bin/make" "cmTC_55c18/fast"
/usr/bin/make -f CMakeFiles/cmTC_55c18.dir/build.make CMakeFiles/cmTC_55c18.dir/build
make[1]: Entering directory '/home/nvidia/Documents/cmpt742/SimpleVisualOdometry/wei/build/CMakeFiles/CMakeTmp'
Building C object CMakeFiles/cmTC_55c18.dir/CheckFunctionExists.c.o
/usr/bin/cc    -fPIC -DCHECK_FUNCTION_EXISTS=pthread_create   -o CMakeFiles/cmTC_55c18.dir/CheckFunctionExists.c.o   -c /usr/share/cmake-3.5/Modules/CheckFunctionExists.c
Linking C executable cmTC_55c18
/usr/bin/cmake -E cmake_link_script CMakeFiles/cmTC_55c18.dir/link.txt --verbose=1
/usr/bin/cc  -fPIC -DCHECK_FUNCTION_EXISTS=pthread_create    CMakeFiles/cmTC_55c18.dir/CheckFunctionExists.c.o  -o cmTC_55c18 -rdynamic -lpthreads 
/usr/bin/ld: cannot find -lpthreads
collect2: error: ld returned 1 exit status
CMakeFiles/cmTC_55c18.dir/build.make:97: recipe for target 'cmTC_55c18' failed
make[1]: *** [cmTC_55c18] Error 1
make[1]: Leaving directory '/home/nvidia/Documents/cmpt742/SimpleVisualOdometry/wei/build/CMakeFiles/CMakeTmp'
Makefile:126: recipe for target 'cmTC_55c18/fast' failed
make: *** [cmTC_55c18/fast] Error 2


Determining if the pthread_create exist failed with the following output:
Change Dir: /home/nvidia/Documents/cmpt742/SimpleVisualOdometry/wei/build/CMakeFiles/CMakeTmp

Run Build Command:"/usr/bin/make" "cmTC_f37e0/fast"
/usr/bin/make -f CMakeFiles/cmTC_f37e0.dir/build.make CMakeFiles/cmTC_f37e0.dir/build
make[1]: Entering directory '/home/nvidia/Documents/cmpt742/SimpleVisualOdometry/wei/build/CMakeFiles/CMakeTmp'
Building C object CMakeFiles/cmTC_f37e0.dir/CheckSymbolExists.c.o
/usr/bin/cc    -fPIC    -o CMakeFiles/cmTC_f37e0.dir/CheckSymbolExists.c.o   -c /home/nvidia/Documents/cmpt742/SimpleVisualOdometry/wei/build/CMakeFiles/CMakeTmp/CheckSymbolExists.c
Linking C executable cmTC_f37e0
/usr/bin/cmake -E cmake_link_script CMakeFiles/cmTC_f37e0.dir/link.txt --verbose=1
/usr/bin/cc  -fPIC     CMakeFiles/cmTC_f37e0.dir/CheckSymbolExists.c.o  -o cmTC_f37e0 -rdynamic 
CMakeFiles/cmTC_f37e0.dir/CheckSymbolExists.c.o: In function `main':
CheckSymbolExists.c:(.text+0x14): undefined reference to `pthread_create'
CheckSymbolExists.c:(.text+0x18): undefined reference to `pthread_create'
collect2: error: ld returned 1 exit status
CMakeFiles/cmTC_f37e0.dir/build.make:97: recipe for target 'cmTC_f37e0' failed
make[1]: *** [cmTC_f37e0] Error 1
make[1]: Leaving directory '/home/nvidia/Documents/cmpt742/SimpleVisualOdometry/wei/build/CMakeFiles/CMakeTmp'
Makefile:126: recipe for target 'cmTC_f37e0/fast' failed
make: *** [cmTC_f37e0/fast] Error 2

File /home/nvidia/Documents/cmpt742/SimpleVisualOdometry/wei/build/CMakeFiles/CMakeTmp/CheckSymbolExists.c:
/* */
#include <pthread.h>

int main(int argc, char** argv)
{
  (void)argv;
#ifndef pthread_create
  return ((int*)(&pthread_create))[argc];
#else
  (void)argc;
  return 0;
#endif
}

Determining if the function pthread_create exists in the pthreads failed with the following output:
Change Dir: /home/nvidia/Documents/cmpt742/SimpleVisualOdometry/wei/build/CMakeFiles/CMakeTmp

Run Build Command:"/usr/bin/make" "cmTC_b5f94/fast"
/usr/bin/make -f CMakeFiles/cmTC_b5f94.dir/build.make CMakeFiles/cmTC_b5f94.dir/build
make[1]: Entering directory '/home/nvidia/Documents/cmpt742/SimpleVisualOdometry/wei/build/CMakeFiles/CMakeTmp'
Building C object CMakeFiles/cmTC_b5f94.dir/CheckFunctionExists.c.o
/usr/bin/cc    -fPIC -DCHECK_FUNCTION_EXISTS=pthread_create   -o CMakeFiles/cmTC_b5f94.dir/CheckFunctionExists.c.o   -c /usr/share/cmake-3.5/Modules/CheckFunctionExists.c
Linking C executable cmTC_b5f94
/usr/bin/cmake -E cmake_link_script CMakeFiles/cmTC_b5f94.dir/link.txt --verbose=1
/usr/bin/cc  -fPIC -DCHECK_FUNCTION_EXISTS=pthread_create    CMakeFiles/cmTC_b5f94.dir/CheckFunctionExists.c.o  -o cmTC_b5f94 -rdynamic -lpthreads 
/usr/bin/ld: cannot find -lpthreads
collect2: error: ld returned 1 exit status
CMakeFiles/cmTC_b5f94.dir/build.make:97: recipe for target 'cmTC_b5f94' failed
make[1]: *** [cmTC_b5f94] Error 1
make[1]: Leaving directory '/home/nvidia/Documents/cmpt742/SimpleVisualOdometry/wei/build/CMakeFiles/CMakeTmp'
Makefile:126: recipe for target 'cmTC_b5f94/fast' failed
make: *** [cmTC_b5f94/fast] Error 2


